#
# There is insufficient memory for the Java Runtime Environment to continue.
# Native memory allocation (mmap) failed to map 65536 bytes for Failed to commit metaspace.
# Possible reasons:
#   The system is out of physical RAM or swap space
#   The process is running with CompressedOops enabled, and the Java Heap may be blocking the growth of the native heap
# Possible solutions:
#   Reduce memory load on the system
#   Increase physical memory or swap space
#   Check if swap backing store is full
#   Decrease Java heap size (-Xmx/-Xms)
#   Decrease number of Java threads
#   Decrease Java thread stack sizes (-Xss)
#   Set larger code cache with -XX:ReservedCodeCacheSize=
#   JVM is running with Unscaled Compressed Oops mode in which the Java heap is
#     placed in the first 4GB address space. The Java Heap base address is the
#     maximum limit for the native heap growth. Please use -XX:HeapBaseMinAddress
#     to set the Java Heap base and to place the Java Heap above 4GB virtual address.
# This output file may be truncated or incomplete.
#
#  Out of Memory Error (virtualSpaceNode.cpp:110), pid=88228, tid=52780
#
# JRE version: OpenJDK Runtime Environment Zulu17.38+21-CA (17.0.5+8) (build 17.0.5+8-LTS)
# Java VM: OpenJDK 64-Bit Server VM Zulu17.38+21-CA (17.0.5+8-LTS, mixed mode, sharing, tiered, compressed oops, compressed class ptrs, g1 gc, windows-amd64)
# No core dump will be written. Minidumps are not enabled by default on client versions of Windows
#

---------------  S U M M A R Y ------------

Command Line: -ea -Didea.test.cyclic.buffer.size=1048576 -javaagent:C:\Program Files\JetBrains\IntelliJ IDEA Community Edition 2022.3.1\lib\idea_rt.jar=52108:C:\Program Files\JetBrains\IntelliJ IDEA Community Edition 2022.3.1\bin -Dfile.encoding=UTF-8 com.intellij.rt.junit.JUnitStarter -ideVersion5 -junit5 modulos.CartTest,addAProductInCart

Host: AMD Ryzen 7 5800H with Radeon Graphics         , 16 cores, 5G,  Windows 11 , 64 bit Build 22000 (10.0.22000.1335)
Time: Thu Jan  5 18:34:09 2023 Hora oficial do Brasil elapsed time: 0.453553 seconds (0d 0h 0m 0s)

---------------  T H R E A D  ---------------

Current thread (0x000002ca6bcad110):  JavaThread "main" [_thread_in_vm, id=52780, stack(0x000000d724a00000,0x000000d724b00000)]

Stack: [0x000000d724a00000,0x000000d724b00000]
Native frames: (J=compiled Java code, j=interpreted, Vv=VM code, C=native code)
V  [jvm.dll+0x67bc7a]
V  [jvm.dll+0x837104]
V  [jvm.dll+0x8388ae]
V  [jvm.dll+0x838f13]
V  [jvm.dll+0x248935]
V  [jvm.dll+0x83319b]
V  [jvm.dll+0x620386]
V  [jvm.dll+0x6203ea]
V  [jvm.dll+0x622bfa]
V  [jvm.dll+0x620d26]
V  [jvm.dll+0x23e400]
V  [jvm.dll+0x1ea89d]
V  [jvm.dll+0x1e02c1]
V  [jvm.dll+0x54079d]
V  [jvm.dll+0x1f0af7]
V  [jvm.dll+0x7b0efb]
V  [jvm.dll+0x7b22b2]
V  [jvm.dll+0x7b25e8]
V  [jvm.dll+0x240d6e]
V  [jvm.dll+0x3829ee]
C  0x000002ca0001b80d

Java frames: (J=compiled Java code, j=interpreted, Vv=VM code)
j  sun.reflect.annotation.AnnotationParser$1.run()Ljava/lang/annotation/Annotation;+18 java.base@17.0.5
j  sun.reflect.annotation.AnnotationParser$1.run()Ljava/lang/Object;+1 java.base@17.0.5
j  java.security.AccessController.executePrivileged(Ljava/security/PrivilegedAction;Ljava/security/AccessControlContext;Ljava/lang/Class;)Ljava/lang/Object;+29 java.base@17.0.5
j  java.security.AccessController.doPrivileged(Ljava/security/PrivilegedAction;)Ljava/lang/Object;+5 java.base@17.0.5
j  sun.reflect.annotation.AnnotationParser.annotationForMap(Ljava/lang/Class;Ljava/util/Map;)Ljava/lang/annotation/Annotation;+9 java.base@17.0.5
j  sun.reflect.annotation.AnnotationParser.parseAnnotation2(Ljava/nio/ByteBuffer;Ljdk/internal/reflect/ConstantPool;Ljava/lang/Class;Z[Ljava/lang/Class;)Ljava/lang/annotation/Annotation;+267 java.base@17.0.5
j  sun.reflect.annotation.AnnotationParser.parseAnnotations2([BLjdk/internal/reflect/ConstantPool;Ljava/lang/Class;[Ljava/lang/Class;)Ljava/util/Map;+41 java.base@17.0.5
j  sun.reflect.annotation.AnnotationParser.parseSelectAnnotations([BLjdk/internal/reflect/ConstantPool;Ljava/lang/Class;[Ljava/lang/Class;)Ljava/util/Map;+12 java.base@17.0.5
j  sun.reflect.annotation.AnnotationType.<init>(Ljava/lang/Class;)V+291 java.base@17.0.5
j  sun.reflect.annotation.AnnotationType.getInstance(Ljava/lang/Class;)Lsun/reflect/annotation/AnnotationType;+21 java.base@17.0.5
j  sun.reflect.annotation.AnnotationParser.parseAnnotation2(Ljava/nio/ByteBuffer;Ljdk/internal/reflect/ConstantPool;Ljava/lang/Class;Z[Ljava/lang/Class;)Ljava/lang/annotation/Annotation;+103 java.base@17.0.5
j  sun.reflect.annotation.AnnotationParser.parseAnnotations2([BLjdk/internal/reflect/ConstantPool;Ljava/lang/Class;[Ljava/lang/Class;)Ljava/util/Map;+41 java.base@17.0.5
j  sun.reflect.annotation.AnnotationParser.parseAnnotations([BLjdk/internal/reflect/ConstantPool;Ljava/lang/Class;)Ljava/util/Map;+12 java.base@17.0.5
j  java.lang.Class.createAnnotationData(I)Ljava/lang/Class$AnnotationData;+9 java.base@17.0.5
j  java.lang.Class.annotationData()Ljava/lang/Class$AnnotationData;+26 java.base@17.0.5
j  java.lang.Class.getAnnotation(Ljava/lang/Class;)Ljava/lang/annotation/Annotation;+6 java.base@17.0.5
j  java.lang.reflect.AnnotatedElement.isAnnotationPresent(Ljava/lang/Class;)Z+2 java.base@17.0.5
j  java.lang.Class.isAnnotationPresent(Ljava/lang/Class;)Z+2 java.base@17.0.5
j  org.junit.platform.commons.util.AnnotationUtils.findAnnotation(Ljava/lang/reflect/AnnotatedElement;Ljava/lang/Class;)Ljava/util/Optional;+10
j  org.junit.platform.commons.util.AnnotationUtils.isAnnotated(Ljava/lang/reflect/AnnotatedElement;Ljava/lang/Class;)Z+2
j  org.junit.jupiter.engine.discovery.predicates.IsTestableMethod.test(Ljava/lang/reflect/Method;)Z+45
j  org.junit.jupiter.engine.discovery.predicates.IsTestMethod.test(Ljava/lang/reflect/Method;)Z+2
j  org.junit.jupiter.engine.discovery.predicates.IsTestableMethod.test(Ljava/lang/Object;)Z+5
j  java.util.function.Predicate.lambda$or$2(Ljava/util/function/Predicate;Ljava/lang/Object;)Z+2 java.base@17.0.5
j  java.util.function.Predicate$$Lambda$84+0x0000000800c60048.test(Ljava/lang/Object;)Z+9 java.base@17.0.5
j  java.util.function.Predicate.lambda$or$2(Ljava/util/function/Predicate;Ljava/lang/Object;)Z+2 java.base@17.0.5
j  java.util.function.Predicate$$Lambda$84+0x0000000800c60048.test(Ljava/lang/Object;)Z+9 java.base@17.0.5
j  org.junit.platform.commons.util.ReflectionUtils.findMethod(Ljava/lang/Class;Ljava/util/function/Predicate;)Ljava/util/Optional;+79
j  org.junit.platform.commons.util.ReflectionUtils.isMethodPresent(Ljava/lang/Class;Ljava/util/function/Predicate;)Z+17
j  org.junit.jupiter.engine.discovery.predicates.IsTestClassWithTests.hasTestOrTestFactoryOrTestTemplateMethods(Ljava/lang/Class;)Z+4
j  org.junit.jupiter.engine.discovery.predicates.IsTestClassWithTests.test(Ljava/lang/Class;)Z+12
j  org.junit.jupiter.engine.discovery.predicates.IsTestClassWithTests.test(Ljava/lang/Object;)Z+5
j  java.util.function.Predicate.lambda$or$2(Ljava/util/function/Predicate;Ljava/lang/Object;)Z+2 java.base@17.0.5
j  java.util.function.Predicate$$Lambda$84+0x0000000800c60048.test(Ljava/lang/Object;)Z+9 java.base@17.0.5
j  org.junit.jupiter.engine.discovery.MethodSelectorResolver.resolve(Lorg/junit/platform/engine/support/discovery/SelectorResolver$Context;Ljava/util/List;Ljava/lang/Class;Ljava/util/function/Supplier;Ljava/util/function/BiFunction;)Lorg/junit/platform/engine/support/discovery/SelectorResolver$Resolution;+4
j  org.junit.jupiter.engine.discovery.MethodSelectorResolver.resolve(Lorg/junit/platform/engine/discovery/MethodSelector;Lorg/junit/platform/engine/support/discovery/SelectorResolver$Context;)Lorg/junit/platform/engine/support/discovery/SelectorResolver$Resolution;+25
j  org.junit.platform.engine.support.discovery.EngineDiscoveryRequestResolution.lambda$resolve$2(Lorg/junit/platform/engine/DiscoverySelector;Lorg/junit/platform/engine/support/discovery/SelectorResolver;)Lorg/junit/platform/engine/support/discovery/SelectorResolver$Resolution;+152
j  org.junit.platform.engine.support.discovery.EngineDiscoveryRequestResolution$$Lambda$104+0x0000000800c27d00.apply(Ljava/lang/Object;)Ljava/lang/Object;+12
j  java.util.stream.ReferencePipeline$3$1.accept(Ljava/lang/Object;)V+12 java.base@17.0.5
j  java.util.ArrayList$ArrayListSpliterator.tryAdvance(Ljava/util/function/Consumer;)Z+48 java.base@17.0.5
j  java.util.stream.ReferencePipeline.forEachWithCancel(Ljava/util/Spliterator;Ljava/util/stream/Sink;)Z+13 java.base@17.0.5
j  java.util.stream.AbstractPipeline.copyIntoWithCancel(Ljava/util/stream/Sink;Ljava/util/Spliterator;)Z+32 java.base@17.0.5
j  java.util.stream.AbstractPipeline.copyInto(Ljava/util/stream/Sink;Ljava/util/Spliterator;)V+49 java.base@17.0.5
j  java.util.stream.AbstractPipeline.wrapAndCopyInto(Ljava/util/stream/Sink;Ljava/util/Spliterator;)Ljava/util/stream/Sink;+13 java.base@17.0.5
j  java.util.stream.FindOps$FindOp.evaluateSequential(Ljava/util/stream/PipelineHelper;Ljava/util/Spliterator;)Ljava/lang/Object;+14 java.base@17.0.5
j  java.util.stream.AbstractPipeline.evaluate(Ljava/util/stream/TerminalOp;)Ljava/lang/Object;+88 java.base@17.0.5
j  java.util.stream.ReferencePipeline.findFirst()Ljava/util/Optional;+5 java.base@17.0.5
j  org.junit.platform.engine.support.discovery.EngineDiscoveryRequestResolution.resolve(Lorg/junit/platform/engine/DiscoverySelector;Ljava/util/function/Function;)Ljava/util/Optional;+25
j  org.junit.platform.engine.support.discovery.EngineDiscoveryRequestResolution.resolve(Lorg/junit/platform/engine/DiscoverySelector;)Ljava/util/Optional;+55
j  org.junit.platform.engine.support.discovery.EngineDiscoveryRequestResolution.resolveCompletely(Lorg/junit/platform/engine/DiscoverySelector;)V+22
j  org.junit.platform.engine.support.discovery.EngineDiscoveryRequestResolution.run()V+46
j  org.junit.platform.engine.support.discovery.EngineDiscoveryRequestResolver.resolve(Lorg/junit/platform/engine/EngineDiscoveryRequest;Lorg/junit/platform/engine/TestDescriptor;)V+59
j  org.junit.jupiter.engine.discovery.DiscoverySelectorResolver.resolveSelectors(Lorg/junit/platform/engine/EngineDiscoveryRequest;Lorg/junit/jupiter/engine/descriptor/JupiterEngineDescriptor;)V+5
j  org.junit.jupiter.engine.JupiterTestEngine.discover(Lorg/junit/platform/engine/EngineDiscoveryRequest;Lorg/junit/platform/engine/UniqueId;)Lorg/junit/platform/engine/TestDescriptor;+42
j  org.junit.platform.launcher.core.EngineDiscoveryOrchestrator.discoverEngineRoot(Lorg/junit/platform/engine/TestEngine;Lorg/junit/platform/launcher/LauncherDiscoveryRequest;Lorg/junit/platform/launcher/LauncherDiscoveryListener;Ljava/util/function/Function;)Lorg/junit/platform/engine/TestDescriptor;+30
j  org.junit.platform.launcher.core.EngineDiscoveryOrchestrator.discoverSafely(Lorg/junit/platform/launcher/LauncherDiscoveryRequest;Lorg/junit/platform/launcher/core/EngineDiscoveryOrchestrator$Phase;Lorg/junit/platform/launcher/LauncherDiscoveryListener;Ljava/util/function/Function;)Ljava/util/Map;+113
j  org.junit.platform.launcher.core.EngineDiscoveryOrchestrator.discover(Lorg/junit/platform/launcher/LauncherDiscoveryRequest;Lorg/junit/platform/launcher/core/EngineDiscoveryOrchestrator$Phase;Ljava/util/function/Function;)Ljava/util/Map;+21
j  org.junit.platform.launcher.core.EngineDiscoveryOrchestrator.discover(Lorg/junit/platform/launcher/LauncherDiscoveryRequest;Lorg/junit/platform/launcher/core/EngineDiscoveryOrchestrator$Phase;)Lorg/junit/platform/launcher/core/LauncherDiscoveryResult;+8
j  org.junit.platform.launcher.core.DefaultLauncher.discover(Lorg/junit/platform/launcher/LauncherDiscoveryRequest;Lorg/junit/platform/launcher/core/EngineDiscoveryOrchestrator$Phase;)Lorg/junit/platform/launcher/core/LauncherDiscoveryResult;+6
j  org.junit.platform.launcher.core.DefaultLauncher.execute(Lorg/junit/platform/launcher/LauncherDiscoveryRequest;[Lorg/junit/platform/launcher/TestExecutionListener;)V+27
j  org.junit.platform.launcher.core.DefaultLauncherSession$DelegatingLauncher.execute(Lorg/junit/platform/launcher/LauncherDiscoveryRequest;[Lorg/junit/platform/launcher/TestExecutionListener;)V+6
j  org.junit.platform.launcher.core.SessionPerRequestLauncher.execute(Lorg/junit/platform/launcher/LauncherDiscoveryRequest;[Lorg/junit/platform/launcher/TestExecutionListener;)V+13
j  com.intellij.junit5.JUnit5IdeaTestRunner.startRunnerWithArgs([Ljava/lang/String;Ljava/lang/String;IZ)I+203
j  com.intellij.rt.junit.IdeaTestRunner$Repeater$1.execute(Z)I+17
j  com.intellij.rt.execution.junit.TestsRepeater.repeat(IZLcom/intellij/rt/execution/junit/TestsRepeater$TestRun;)I+7
j  com.intellij.rt.junit.IdeaTestRunner$Repeater.startRunnerWithArgs(Lcom/intellij/rt/junit/IdeaTestRunner;[Ljava/lang/String;Ljava/util/ArrayList;Ljava/lang/String;IZ)I+25
j  com.intellij.rt.junit.JUnitStarter.prepareStreamsAndStart([Ljava/lang/String;Ljava/lang/String;Ljava/util/ArrayList;Ljava/lang/String;)I+117
j  com.intellij.rt.junit.JUnitStarter.main([Ljava/lang/String;)V+97
v  ~StubRoutines::call_stub

---------------  P R O C E S S  ---------------

Threads class SMR info:
_java_thread_list=0x000002ca7b512230, length=14, elements={
0x000002ca6bcad110, 0x000002ca7a7ab560, 0x000002ca7a7adf30, 0x000002ca7a7c6de0,
0x000002ca7a7c76b0, 0x000002ca7a7c8680, 0x000002ca7a7c9040, 0x000002ca7a7cd2e0,
0x000002ca7a7d5da0, 0x000002ca7a7e6f60, 0x000002ca7b4b0590, 0x000002ca7b4ba320,
0x000002ca7b597220, 0x000002ca7b59bb50
}

Java Threads: ( => current thread )
=>0x000002ca6bcad110 JavaThread "main" [_thread_in_vm, id=52780, stack(0x000000d724a00000,0x000000d724b00000)]
  0x000002ca7a7ab560 JavaThread "Reference Handler" daemon [_thread_blocked, id=88344, stack(0x000000d725100000,0x000000d725200000)]
  0x000002ca7a7adf30 JavaThread "Finalizer" daemon [_thread_blocked, id=81740, stack(0x000000d725200000,0x000000d725300000)]
  0x000002ca7a7c6de0 JavaThread "Signal Dispatcher" daemon [_thread_blocked, id=8016, stack(0x000000d725300000,0x000000d725400000)]
  0x000002ca7a7c76b0 JavaThread "Attach Listener" daemon [_thread_blocked, id=57276, stack(0x000000d725400000,0x000000d725500000)]
  0x000002ca7a7c8680 JavaThread "Service Thread" daemon [_thread_blocked, id=83608, stack(0x000000d725500000,0x000000d725600000)]
  0x000002ca7a7c9040 JavaThread "Monitor Deflation Thread" daemon [_thread_blocked, id=68420, stack(0x000000d725600000,0x000000d725700000)]
  0x000002ca7a7cd2e0 JavaThread "C2 CompilerThread0" daemon [_thread_blocked, id=87984, stack(0x000000d725700000,0x000000d725800000)]
  0x000002ca7a7d5da0 JavaThread "C1 CompilerThread0" daemon [_thread_blocked, id=76968, stack(0x000000d725800000,0x000000d725900000)]
  0x000002ca7a7e6f60 JavaThread "Sweeper thread" daemon [_thread_blocked, id=76260, stack(0x000000d725900000,0x000000d725a00000)]
  0x000002ca7b4b0590 JavaThread "Common-Cleaner" daemon [_thread_blocked, id=81860, stack(0x000000d725a00000,0x000000d725b00000)]
  0x000002ca7b4ba320 JavaThread "C1 CompilerThread1" daemon [_thread_blocked, id=77512, stack(0x000000d725b00000,0x000000d725c00000)]
  0x000002ca7b597220 JavaThread "Monitor Ctrl-Break" daemon [_thread_in_native, id=91360, stack(0x000000d725c00000,0x000000d725d00000)]
  0x000002ca7b59bb50 JavaThread "Notification Thread" daemon [_thread_blocked, id=71728, stack(0x000000d725d00000,0x000000d725e00000)]

Other Threads:
  0x000002ca7a7a7c00 VMThread "VM Thread" [stack: 0x000000d725000000,0x000000d725100000] [id=81852]
  0x000002ca6bd15a30 WatcherThread [stack: 0x000000d725e00000,0x000000d725f00000] [id=83868]
  0x000002ca6bcfcbe0 GCTaskThread "GC Thread#0" [stack: 0x000000d724b00000,0x000000d724c00000] [id=80936]
  0x000002ca6bd09710 ConcurrentGCThread "G1 Main Marker" [stack: 0x000000d724c00000,0x000000d724d00000] [id=80900]
  0x000002ca6bd0a7c0 ConcurrentGCThread "G1 Conc#0" [stack: 0x000000d724d00000,0x000000d724e00000] [id=86564]
  0x000002ca6bd6d830 ConcurrentGCThread "G1 Refine#0" [stack: 0x000000d724e00000,0x000000d724f00000] [id=81932]
  0x000002ca6bd6e000 ConcurrentGCThread "G1 Service" [stack: 0x000000d724f00000,0x000000d725000000] [id=84972]

Threads with active compile tasks:

VM state: not at safepoint (normal execution)

VM Mutex/Monitor currently owned by a thread:  ([mutex/lock_event])
[0x000002ca6bca6730] Metaspace_lock - owner thread: 0x000002ca6bcad110

Heap address: 0x00000000a2400000, size: 1500 MB, Compressed Oops mode: 32-bit

CDS archive(s) mapped at: [0x0000000800000000-0x0000000800c00000-0x0000000800c00000), size 12582912, SharedBaseAddress: 0x0000000800000000, ArchiveRelocationMode: 0.
Compressed class space mapped at: 0x0000000800c00000-0x0000000840c00000, reserved size: 1073741824
Narrow klass base: 0x0000000800000000, Narrow klass shift: 0, Narrow klass range: 0x100000000

GC Precious Log:
 CPUs: 16 total, 16 available
 Memory: 5996M
 Large Page Support: Disabled
 NUMA Support: Disabled
 Compressed Oops: Enabled (32-bit)
 Heap Region Size: 1M
 Heap Min Capacity: 8M
 Heap Initial Capacity: 94M
 Heap Max Capacity: 1500M
 Pre-touch: Disabled
 Parallel Workers: 13
 Concurrent Workers: 3
 Concurrent Refinement Workers: 13
 Periodic GC: Disabled

Heap:
 garbage-first heap   total 96256K, used 9216K [0x00000000a2400000, 0x0000000100000000)
  region size 1024K, 11 young (11264K), 0 survivors (0K)
 Metaspace       used 2738K, committed 2880K, reserved 1056768K
  class space    used 297K, committed 384K, reserved 1048576K

Heap Regions: E=young(eden), S=young(survivor), O=old, HS=humongous(starts), HC=humongous(continues), CS=collection set, F=free, OA=open archive, CA=closed archive, TAMS=top-at-mark-start (previous, next)
|   0|0x00000000a2400000, 0x00000000a2400000, 0x00000000a2500000|  0%| F|  |TAMS 0x00000000a2400000, 0x00000000a2400000| Untracked 
|   1|0x00000000a2500000, 0x00000000a2500000, 0x00000000a2600000|  0%| F|  |TAMS 0x00000000a2500000, 0x00000000a2500000| Untracked 
|   2|0x00000000a2600000, 0x00000000a2600000, 0x00000000a2700000|  0%| F|  |TAMS 0x00000000a2600000, 0x00000000a2600000| Untracked 
|   3|0x00000000a2700000, 0x00000000a2700000, 0x00000000a2800000|  0%| F|  |TAMS 0x00000000a2700000, 0x00000000a2700000| Untracked 
|   4|0x00000000a2800000, 0x00000000a2800000, 0x00000000a2900000|  0%| F|  |TAMS 0x00000000a2800000, 0x00000000a2800000| Untracked 
|   5|0x00000000a2900000, 0x00000000a2900000, 0x00000000a2a00000|  0%| F|  |TAMS 0x00000000a2900000, 0x00000000a2900000| Untracked 
|   6|0x00000000a2a00000, 0x00000000a2a00000, 0x00000000a2b00000|  0%| F|  |TAMS 0x00000000a2a00000, 0x00000000a2a00000| Untracked 
|   7|0x00000000a2b00000, 0x00000000a2b00000, 0x00000000a2c00000|  0%| F|  |TAMS 0x00000000a2b00000, 0x00000000a2b00000| Untracked 
|   8|0x00000000a2c00000, 0x00000000a2c00000, 0x00000000a2d00000|  0%| F|  |TAMS 0x00000000a2c00000, 0x00000000a2c00000| Untracked 
|   9|0x00000000a2d00000, 0x00000000a2d00000, 0x00000000a2e00000|  0%| F|  |TAMS 0x00000000a2d00000, 0x00000000a2d00000| Untracked 
|  10|0x00000000a2e00000, 0x00000000a2e00000, 0x00000000a2f00000|  0%| F|  |TAMS 0x00000000a2e00000, 0x00000000a2e00000| Untracked 
|  11|0x00000000a2f00000, 0x00000000a2f00000, 0x00000000a3000000|  0%| F|  |TAMS 0x00000000a2f00000, 0x00000000a2f00000| Untracked 
|  12|0x00000000a3000000, 0x00000000a3000000, 0x00000000a3100000|  0%| F|  |TAMS 0x00000000a3000000, 0x00000000a3000000| Untracked 
|  13|0x00000000a3100000, 0x00000000a3100000, 0x00000000a3200000|  0%| F|  |TAMS 0x00000000a3100000, 0x00000000a3100000| Untracked 
|  14|0x00000000a3200000, 0x00000000a3200000, 0x00000000a3300000|  0%| F|  |TAMS 0x00000000a3200000, 0x00000000a3200000| Untracked 
|  15|0x00000000a3300000, 0x00000000a3300000, 0x00000000a3400000|  0%| F|  |TAMS 0x00000000a3300000, 0x00000000a3300000| Untracked 
|  16|0x00000000a3400000, 0x00000000a3400000, 0x00000000a3500000|  0%| F|  |TAMS 0x00000000a3400000, 0x00000000a3400000| Untracked 
|  17|0x00000000a3500000, 0x00000000a3500000, 0x00000000a3600000|  0%| F|  |TAMS 0x00000000a3500000, 0x00000000a3500000| Untracked 
|  18|0x00000000a3600000, 0x00000000a3600000, 0x00000000a3700000|  0%| F|  |TAMS 0x00000000a3600000, 0x00000000a3600000| Untracked 
|  19|0x00000000a3700000, 0x00000000a3700000, 0x00000000a3800000|  0%| F|  |TAMS 0x00000000a3700000, 0x00000000a3700000| Untracked 
|  20|0x00000000a3800000, 0x00000000a3800000, 0x00000000a3900000|  0%| F|  |TAMS 0x00000000a3800000, 0x00000000a3800000| Untracked 
|  21|0x00000000a3900000, 0x00000000a3900000, 0x00000000a3a00000|  0%| F|  |TAMS 0x00000000a3900000, 0x00000000a3900000| Untracked 
|  22|0x00000000a3a00000, 0x00000000a3a00000, 0x00000000a3b00000|  0%| F|  |TAMS 0x00000000a3a00000, 0x00000000a3a00000| Untracked 
|  23|0x00000000a3b00000, 0x00000000a3b00000, 0x00000000a3c00000|  0%| F|  |TAMS 0x00000000a3b00000, 0x00000000a3b00000| Untracked 
|  24|0x00000000a3c00000, 0x00000000a3c00000, 0x00000000a3d00000|  0%| F|  |TAMS 0x00000000a3c00000, 0x00000000a3c00000| Untracked 
|  25|0x00000000a3d00000, 0x00000000a3d00000, 0x00000000a3e00000|  0%| F|  |TAMS 0x00000000a3d00000, 0x00000000a3d00000| Untracked 
|  26|0x00000000a3e00000, 0x00000000a3e00000, 0x00000000a3f00000|  0%| F|  |TAMS 0x00000000a3e00000, 0x00000000a3e00000| Untracked 
|  27|0x00000000a3f00000, 0x00000000a3f00000, 0x00000000a4000000|  0%| F|  |TAMS 0x00000000a3f00000, 0x00000000a3f00000| Untracked 
|  28|0x00000000a4000000, 0x00000000a4000000, 0x00000000a4100000|  0%| F|  |TAMS 0x00000000a4000000, 0x00000000a4000000| Untracked 
|  29|0x00000000a4100000, 0x00000000a4100000, 0x00000000a4200000|  0%| F|  |TAMS 0x00000000a4100000, 0x00000000a4100000| Untracked 
|  30|0x00000000a4200000, 0x00000000a4200000, 0x00000000a4300000|  0%| F|  |TAMS 0x00000000a4200000, 0x00000000a4200000| Untracked 
|  31|0x00000000a4300000, 0x00000000a4300000, 0x00000000a4400000|  0%| F|  |TAMS 0x00000000a4300000, 0x00000000a4300000| Untracked 
|  32|0x00000000a4400000, 0x00000000a4400000, 0x00000000a4500000|  0%| F|  |TAMS 0x00000000a4400000, 0x00000000a4400000| Untracked 
|  33|0x00000000a4500000, 0x00000000a4500000, 0x00000000a4600000|  0%| F|  |TAMS 0x00000000a4500000, 0x00000000a4500000| Untracked 
|  34|0x00000000a4600000, 0x00000000a4600000, 0x00000000a4700000|  0%| F|  |TAMS 0x00000000a4600000, 0x00000000a4600000| Untracked 
|  35|0x00000000a4700000, 0x00000000a4700000, 0x00000000a4800000|  0%| F|  |TAMS 0x00000000a4700000, 0x00000000a4700000| Untracked 
|  36|0x00000000a4800000, 0x00000000a4800000, 0x00000000a4900000|  0%| F|  |TAMS 0x00000000a4800000, 0x00000000a4800000| Untracked 
|  37|0x00000000a4900000, 0x00000000a4900000, 0x00000000a4a00000|  0%| F|  |TAMS 0x00000000a4900000, 0x00000000a4900000| Untracked 
|  38|0x00000000a4a00000, 0x00000000a4a00000, 0x00000000a4b00000|  0%| F|  |TAMS 0x00000000a4a00000, 0x00000000a4a00000| Untracked 
|  39|0x00000000a4b00000, 0x00000000a4b00000, 0x00000000a4c00000|  0%| F|  |TAMS 0x00000000a4b00000, 0x00000000a4b00000| Untracked 
|  40|0x00000000a4c00000, 0x00000000a4c00000, 0x00000000a4d00000|  0%| F|  |TAMS 0x00000000a4c00000, 0x00000000a4c00000| Untracked 
|  41|0x00000000a4d00000, 0x00000000a4d00000, 0x00000000a4e00000|  0%| F|  |TAMS 0x00000000a4d00000, 0x00000000a4d00000| Untracked 
|  42|0x00000000a4e00000, 0x00000000a4e00000, 0x00000000a4f00000|  0%| F|  |TAMS 0x00000000a4e00000, 0x00000000a4e00000| Untracked 
|  43|0x00000000a4f00000, 0x00000000a4f00000, 0x00000000a5000000|  0%| F|  |TAMS 0x00000000a4f00000, 0x00000000a4f00000| Untracked 
|  44|0x00000000a5000000, 0x00000000a5000000, 0x00000000a5100000|  0%| F|  |TAMS 0x00000000a5000000, 0x00000000a5000000| Untracked 
|  45|0x00000000a5100000, 0x00000000a5100000, 0x00000000a5200000|  0%| F|  |TAMS 0x00000000a5100000, 0x00000000a5100000| Untracked 
|  46|0x00000000a5200000, 0x00000000a5200000, 0x00000000a5300000|  0%| F|  |TAMS 0x00000000a5200000, 0x00000000a5200000| Untracked 
|  47|0x00000000a5300000, 0x00000000a5300000, 0x00000000a5400000|  0%| F|  |TAMS 0x00000000a5300000, 0x00000000a5300000| Untracked 
|  48|0x00000000a5400000, 0x00000000a5400000, 0x00000000a5500000|  0%| F|  |TAMS 0x00000000a5400000, 0x00000000a5400000| Untracked 
|  49|0x00000000a5500000, 0x00000000a5500000, 0x00000000a5600000|  0%| F|  |TAMS 0x00000000a5500000, 0x00000000a5500000| Untracked 
|  50|0x00000000a5600000, 0x00000000a5600000, 0x00000000a5700000|  0%| F|  |TAMS 0x00000000a5600000, 0x00000000a5600000| Untracked 
|  51|0x00000000a5700000, 0x00000000a5700000, 0x00000000a5800000|  0%| F|  |TAMS 0x00000000a5700000, 0x00000000a5700000| Untracked 
|  52|0x00000000a5800000, 0x00000000a5800000, 0x00000000a5900000|  0%| F|  |TAMS 0x00000000a5800000, 0x00000000a5800000| Untracked 
|  53|0x00000000a5900000, 0x00000000a5900000, 0x00000000a5a00000|  0%| F|  |TAMS 0x00000000a5900000, 0x00000000a5900000| Untracked 
|  54|0x00000000a5a00000, 0x00000000a5a00000, 0x00000000a5b00000|  0%| F|  |TAMS 0x00000000a5a00000, 0x00000000a5a00000| Untracked 
|  55|0x00000000a5b00000, 0x00000000a5b00000, 0x00000000a5c00000|  0%| F|  |TAMS 0x00000000a5b00000, 0x00000000a5b00000| Untracked 
|  56|0x00000000a5c00000, 0x00000000a5c00000, 0x00000000a5d00000|  0%| F|  |TAMS 0x00000000a5c00000, 0x00000000a5c00000| Untracked 
|  57|0x00000000a5d00000, 0x00000000a5d00000, 0x00000000a5e00000|  0%| F|  |TAMS 0x00000000a5d00000, 0x00000000a5d00000| Untracked 
|  58|0x00000000a5e00000, 0x00000000a5e00000, 0x00000000a5f00000|  0%| F|  |TAMS 0x00000000a5e00000, 0x00000000a5e00000| Untracked 
|  59|0x00000000a5f00000, 0x00000000a5f00000, 0x00000000a6000000|  0%| F|  |TAMS 0x00000000a5f00000, 0x00000000a5f00000| Untracked 
|  60|0x00000000a6000000, 0x00000000a6000000, 0x00000000a6100000|  0%| F|  |TAMS 0x00000000a6000000, 0x00000000a6000000| Untracked 
|  61|0x00000000a6100000, 0x00000000a6100000, 0x00000000a6200000|  0%| F|  |TAMS 0x00000000a6100000, 0x00000000a6100000| Untracked 
|  62|0x00000000a6200000, 0x00000000a6200000, 0x00000000a6300000|  0%| F|  |TAMS 0x00000000a6200000, 0x00000000a6200000| Untracked 
|  63|0x00000000a6300000, 0x00000000a6300000, 0x00000000a6400000|  0%| F|  |TAMS 0x00000000a6300000, 0x00000000a6300000| Untracked 
|  64|0x00000000a6400000, 0x00000000a6400000, 0x00000000a6500000|  0%| F|  |TAMS 0x00000000a6400000, 0x00000000a6400000| Untracked 
|  65|0x00000000a6500000, 0x00000000a6500000, 0x00000000a6600000|  0%| F|  |TAMS 0x00000000a6500000, 0x00000000a6500000| Untracked 
|  66|0x00000000a6600000, 0x00000000a6600000, 0x00000000a6700000|  0%| F|  |TAMS 0x00000000a6600000, 0x00000000a6600000| Untracked 
|  67|0x00000000a6700000, 0x00000000a6700000, 0x00000000a6800000|  0%| F|  |TAMS 0x00000000a6700000, 0x00000000a6700000| Untracked 
|  68|0x00000000a6800000, 0x00000000a6800000, 0x00000000a6900000|  0%| F|  |TAMS 0x00000000a6800000, 0x00000000a6800000| Untracked 
|  69|0x00000000a6900000, 0x00000000a6900000, 0x00000000a6a00000|  0%| F|  |TAMS 0x00000000a6900000, 0x00000000a6900000| Untracked 
|  70|0x00000000a6a00000, 0x00000000a6a00000, 0x00000000a6b00000|  0%| F|  |TAMS 0x00000000a6a00000, 0x00000000a6a00000| Untracked 
|  71|0x00000000a6b00000, 0x00000000a6b00000, 0x00000000a6c00000|  0%| F|  |TAMS 0x00000000a6b00000, 0x00000000a6b00000| Untracked 
|  72|0x00000000a6c00000, 0x00000000a6c00000, 0x00000000a6d00000|  0%| F|  |TAMS 0x00000000a6c00000, 0x00000000a6c00000| Untracked 
|  73|0x00000000a6d00000, 0x00000000a6d00000, 0x00000000a6e00000|  0%| F|  |TAMS 0x00000000a6d00000, 0x00000000a6d00000| Untracked 
|  74|0x00000000a6e00000, 0x00000000a6e00000, 0x00000000a6f00000|  0%| F|  |TAMS 0x00000000a6e00000, 0x00000000a6e00000| Untracked 
|  75|0x00000000a6f00000, 0x00000000a6f00000, 0x00000000a7000000|  0%| F|  |TAMS 0x00000000a6f00000, 0x00000000a6f00000| Untracked 
|  76|0x00000000a7000000, 0x00000000a7000000, 0x00000000a7100000|  0%| F|  |TAMS 0x00000000a7000000, 0x00000000a7000000| Untracked 
|  77|0x00000000a7100000, 0x00000000a7100000, 0x00000000a7200000|  0%| F|  |TAMS 0x00000000a7100000, 0x00000000a7100000| Untracked 
|  78|0x00000000a7200000, 0x00000000a7200000, 0x00000000a7300000|  0%| F|  |TAMS 0x00000000a7200000, 0x00000000a7200000| Untracked 
|  79|0x00000000a7300000, 0x00000000a7300000, 0x00000000a7400000|  0%| F|  |TAMS 0x00000000a7300000, 0x00000000a7300000| Untracked 
|  80|0x00000000a7400000, 0x00000000a7400000, 0x00000000a7500000|  0%| F|  |TAMS 0x00000000a7400000, 0x00000000a7400000| Untracked 
|  81|0x00000000a7500000, 0x00000000a7500000, 0x00000000a7600000|  0%| F|  |TAMS 0x00000000a7500000, 0x00000000a7500000| Untracked 
|  82|0x00000000a7600000, 0x00000000a7600000, 0x00000000a7700000|  0%| F|  |TAMS 0x00000000a7600000, 0x00000000a7600000| Untracked 
|  83|0x00000000a7700000, 0x00000000a77ed880, 0x00000000a7800000| 92%| E|  |TAMS 0x00000000a7700000, 0x00000000a7700000| Complete 
|  84|0x00000000a7800000, 0x00000000a7900000, 0x00000000a7900000|100%| E|CS|TAMS 0x00000000a7800000, 0x00000000a7800000| Complete 
|  85|0x00000000a7900000, 0x00000000a7a00000, 0x00000000a7a00000|100%| E|CS|TAMS 0x00000000a7900000, 0x00000000a7900000| Complete 
|  86|0x00000000a7a00000, 0x00000000a7b00000, 0x00000000a7b00000|100%| E|CS|TAMS 0x00000000a7a00000, 0x00000000a7a00000| Complete 
|  87|0x00000000a7b00000, 0x00000000a7c00000, 0x00000000a7c00000|100%| E|CS|TAMS 0x00000000a7b00000, 0x00000000a7b00000| Complete 
|  88|0x00000000a7c00000, 0x00000000a7d00000, 0x00000000a7d00000|100%| E|CS|TAMS 0x00000000a7c00000, 0x00000000a7c00000| Complete 
|  89|0x00000000a7d00000, 0x00000000a7e00000, 0x00000000a7e00000|100%| E|  |TAMS 0x00000000a7d00000, 0x00000000a7d00000| Complete 
|  90|0x00000000a7e00000, 0x00000000a7f00000, 0x00000000a7f00000|100%| E|CS|TAMS 0x00000000a7e00000, 0x00000000a7e00000| Complete 
|  91|0x00000000a7f00000, 0x00000000a8000000, 0x00000000a8000000|100%| E|CS|TAMS 0x00000000a7f00000, 0x00000000a7f00000| Complete 
|  92|0x00000000a8000000, 0x00000000a8100000, 0x00000000a8100000|100%| E|CS|TAMS 0x00000000a8000000, 0x00000000a8000000| Complete 
|  93|0x00000000a8100000, 0x00000000a8200000, 0x00000000a8200000|100%| E|CS|TAMS 0x00000000a8100000, 0x00000000a8100000| Complete 

Card table byte_map: [0x000002ca743a0000,0x000002ca74690000] _byte_map_base: 0x000002ca73e8e000

Marking Bits (Prev, Next): (CMBitMap*) 0x000002ca6bcfd100, (CMBitMap*) 0x000002ca6bcfd140
 Prev Bits: [0x000002ca74980000, 0x000002ca760f0000)
 Next Bits: [0x000002ca760f0000, 0x000002ca77860000)

Polling page: 0x000002ca69cb0000

Metaspace:

Usage:
  Non-class:      2.38 MB used.
      Class:    297.36 KB used.
       Both:      2.67 MB used.

Virtual space:
  Non-class space:        8.00 MB reserved,       2.44 MB ( 30%) committed,  1 nodes.
      Class space:        1.00 GB reserved,     384.00 KB ( <1%) committed,  1 nodes.
             Both:        1.01 GB reserved,       2.81 MB ( <1%) committed. 

Chunk freelists:
   Non-Class:  3.16 MB
       Class:  3.60 MB
        Both:  6.75 MB

MaxMetaspaceSize: unlimited
CompressedClassSpaceSize: 1.00 GB
Initial GC threshold: 21.00 MB
Current GC threshold: 21.00 MB
CDS: on
MetaspaceReclaimPolicy: balanced
 - commit_granule_bytes: 65536.
 - commit_granule_words: 8192.
 - virtual_space_node_default_size: 1048576.
 - enlarge_chunks_in_place: 1.
 - new_chunks_are_fully_committed: 0.
 - uncommit_free_chunks: 1.
 - use_allocation_guard: 0.
 - handle_deallocations: 1.


Internal statistics:

num_allocs_failed_limit: 0.
num_arena_births: 36.
num_arena_deaths: 0.
num_vsnodes_births: 2.
num_vsnodes_deaths: 0.
num_space_committed: 45.
num_space_uncommitted: 0.
num_chunks_returned_to_freelist: 0.
num_chunks_taken_from_freelist: 114.
num_chunk_merges: 0.
num_chunk_splits: 53.
num_chunks_enlarged: 32.
num_purges: 0.
num_inconsistent_stats: 0.

CodeHeap 'non-profiled nmethods': size=119168Kb used=199Kb max_used=199Kb free=118968Kb
 bounds [0x000002ca07ba0000, 0x000002ca07e10000, 0x000002ca0f000000]
CodeHeap 'profiled nmethods': size=119104Kb used=1106Kb max_used=1106Kb free=117997Kb
 bounds [0x000002ca00750000, 0x000002ca009c0000, 0x000002ca07ba0000]
CodeHeap 'non-nmethods': size=7488Kb used=1694Kb max_used=1709Kb free=5794Kb
 bounds [0x000002ca00000000, 0x000002ca00270000, 0x000002ca00750000]
 total_blobs=1122 nmethods=706 adapters=328
 compilation: enabled
              stopped_count=0, restarted_count=0
 full_count=0

Compilation events (20 events):
Event: 0.445 Thread 0x000002ca7a7d5da0 nmethod 696 0x000002ca0085d310 code [0x000002ca0085d4c0, 0x000002ca0085d798]
Event: 0.445 Thread 0x000002ca7b4ba320 nmethod 695 0x000002ca0085d910 code [0x000002ca0085db00, 0x000002ca0085e098]
Event: 0.445 Thread 0x000002ca7b4ba320  697       3       java.net.URL::getDefaultPort (8 bytes)
Event: 0.445 Thread 0x000002ca7b4ba320 nmethod 697 0x000002ca0085e290 code [0x000002ca0085e420, 0x000002ca0085e618]
Event: 0.446 Thread 0x000002ca7b4ba320  699       3       java.lang.Integer::stringSize (47 bytes)
Event: 0.446 Thread 0x000002ca7a7d5da0  700       3       java.lang.Integer::getChars (131 bytes)
Event: 0.446 Thread 0x000002ca7a7cd2e0  701       4       java.util.Arrays::copyOfRange (64 bytes)
Event: 0.446 Thread 0x000002ca7b4ba320 nmethod 699 0x000002ca0085e710 code [0x000002ca0085e8c0, 0x000002ca0085eb18]
Event: 0.446 Thread 0x000002ca7b4ba320  702       3       java.lang.invoke.AbstractValidatingLambdaMetafactory::isAdaptableTo (126 bytes)
Event: 0.447 Thread 0x000002ca7a7d5da0 nmethod 700 0x000002ca0085ec10 code [0x000002ca0085ede0, 0x000002ca0085f218]
Event: 0.447 Thread 0x000002ca7a7d5da0  703       3       java.lang.invoke.MemberName$Factory::resolveOrFail (79 bytes)
Event: 0.447 Thread 0x000002ca7a7d5da0 nmethod 703 0x000002ca0085f490 code [0x000002ca0085f6a0, 0x000002ca0085fe38]
Event: 0.447 Thread 0x000002ca7a7d5da0  704       3       java.lang.invoke.MethodHandles$Lookup::isClassAccessible (53 bytes)
Event: 0.447 Thread 0x000002ca7b4ba320 nmethod 702 0x000002ca00860110 code [0x000002ca008603a0, 0x000002ca00860de8]
Event: 0.447 Thread 0x000002ca7b4ba320  705       3       java.lang.invoke.MethodHandles$Lookup::in (283 bytes)
Event: 0.447 Thread 0x000002ca7a7d5da0 nmethod 704 0x000002ca00861190 code [0x000002ca008613a0, 0x000002ca00861978]
Event: 0.447 Thread 0x000002ca7a7d5da0  706       3       java.util.stream.ReferencePipeline$2$1::accept (27 bytes)
Event: 0.447 Thread 0x000002ca7a7d5da0 nmethod 706 0x000002ca00861b90 code [0x000002ca00861d40, 0x000002ca00862038]
Event: 0.448 Thread 0x000002ca7a7cd2e0 nmethod 701 0x000002ca07bd1690 code [0x000002ca07bd1820, 0x000002ca07bd1b18]
Event: 0.448 Thread 0x000002ca7b4ba320 nmethod 705 0x000002ca00862190 code [0x000002ca008625c0, 0x000002ca008640a8]

GC Heap History (0 events):
No events

Dll operation events (9 events):
Event: 0.009 Loaded shared library C:\Program Files\Java\zulu-jdk17.0.5\bin\java.dll
Event: 0.017 Loaded shared library C:\Program Files\Java\zulu-jdk17.0.5\bin\jsvml.dll
Event: 0.105 Loaded shared library C:\Program Files\Java\zulu-jdk17.0.5\bin\zip.dll
Event: 0.112 Loaded shared library C:\Program Files\Java\zulu-jdk17.0.5\bin\instrument.dll
Event: 0.125 Loaded shared library C:\Program Files\Java\zulu-jdk17.0.5\bin\net.dll
Event: 0.128 Loaded shared library C:\Program Files\Java\zulu-jdk17.0.5\bin\nio.dll
Event: 0.135 Loaded shared library C:\Program Files\Java\zulu-jdk17.0.5\bin\zip.dll
Event: 0.149 Loaded shared library C:\Program Files\JetBrains\IntelliJ IDEA Community Edition 2022.3.1\bin\breakgen64.dll
Event: 0.218 Loaded shared library C:\Program Files\Java\zulu-jdk17.0.5\bin\jimage.dll

Deoptimization events (20 events):
Event: 0.230 Thread 0x000002ca6bcad110 DEOPT PACKING pc=0x000002ca00783f0c sp=0x000000d724afbd90
Event: 0.230 Thread 0x000002ca6bcad110 DEOPT UNPACKING pc=0x000002ca00052b43 sp=0x000000d724afb220 mode 0
Event: 0.230 Thread 0x000002ca6bcad110 DEOPT PACKING pc=0x000002ca00783f0c sp=0x000000d724afbd90
Event: 0.230 Thread 0x000002ca6bcad110 DEOPT UNPACKING pc=0x000002ca00052b43 sp=0x000000d724afb220 mode 0
Event: 0.230 Thread 0x000002ca6bcad110 DEOPT PACKING pc=0x000002ca00783f0c sp=0x000000d724afbd90
Event: 0.230 Thread 0x000002ca6bcad110 DEOPT UNPACKING pc=0x000002ca00052b43 sp=0x000000d724afb220 mode 0
Event: 0.230 Thread 0x000002ca6bcad110 DEOPT PACKING pc=0x000002ca00783f0c sp=0x000000d724afbd90
Event: 0.230 Thread 0x000002ca6bcad110 DEOPT UNPACKING pc=0x000002ca00052b43 sp=0x000000d724afb220 mode 0
Event: 0.230 Thread 0x000002ca6bcad110 DEOPT PACKING pc=0x000002ca00783f0c sp=0x000000d724afbd90
Event: 0.230 Thread 0x000002ca6bcad110 DEOPT UNPACKING pc=0x000002ca00052b43 sp=0x000000d724afb220 mode 0
Event: 0.230 Thread 0x000002ca6bcad110 DEOPT PACKING pc=0x000002ca00783f0c sp=0x000000d724afbd90
Event: 0.230 Thread 0x000002ca6bcad110 DEOPT UNPACKING pc=0x000002ca00052b43 sp=0x000000d724afb220 mode 0
Event: 0.277 Thread 0x000002ca6bcad110 Uncommon trap: trap_request=0xffffff45 fr.pc=0x000002ca07badd78 relative=0x0000000000000898
Event: 0.277 Thread 0x000002ca6bcad110 Uncommon trap: reason=unstable_if action=reinterpret pc=0x000002ca07badd78 method=java.util.HashMap.putVal(ILjava/lang/Object;Ljava/lang/Object;ZZ)Ljava/lang/Object; @ 181 c2
Event: 0.278 Thread 0x000002ca6bcad110 DEOPT PACKING pc=0x000002ca07badd78 sp=0x000000d724afc770
Event: 0.278 Thread 0x000002ca6bcad110 DEOPT UNPACKING pc=0x000002ca000523a3 sp=0x000000d724afc720 mode 2
Event: 0.358 Thread 0x000002ca6bcad110 Uncommon trap: trap_request=0xffffff45 fr.pc=0x000002ca07bbd5e4 relative=0x0000000000000064
Event: 0.358 Thread 0x000002ca6bcad110 Uncommon trap: reason=unstable_if action=reinterpret pc=0x000002ca07bbd5e4 method=java.io.WinNTFileSystem.isSlash(C)Z @ 9 c2
Event: 0.358 Thread 0x000002ca6bcad110 DEOPT PACKING pc=0x000002ca07bbd5e4 sp=0x000000d724afe890
Event: 0.358 Thread 0x000002ca6bcad110 DEOPT UNPACKING pc=0x000002ca000523a3 sp=0x000000d724afe818 mode 2

Classes unloaded (0 events):
No events

Classes redefined (0 events):
No events

Internal exceptions (13 events):
Event: 0.159 Thread 0x000002ca7b597220 Exception <a 'java/lang/NoSuchMethodError'{0x00000000a7ff07b8}: 'java.lang.Object java.lang.invoke.DirectMethodHandle$Holder.invokeStaticInit(java.lang.Object)'> (0x00000000a7ff07b8) 
thrown [s\src\hotspot\share\interpreter\linkResolver.cpp, line 759]
Event: 0.169 Thread 0x000002ca7b597220 Exception <a 'java/lang/NoSuchMethodError'{0x00000000a7ffe5a0}: 'void java.lang.invoke.DirectMethodHandle$Holder.invokeStatic(java.lang.Object, java.lang.Object)'> (0x00000000a7ffe5a0) 
thrown [s\src\hotspot\share\interpreter\linkResolver.cpp, line 759]
Event: 0.180 Thread 0x000002ca6bcad110 Exception <a 'java/lang/NoSuchMethodError'{0x00000000a7e5adc8}: 'java.lang.Object java.lang.invoke.DirectMethodHandle$Holder.invokeStaticInit(java.lang.Object, int)'> (0x00000000a7e5adc8) 
thrown [s\src\hotspot\share\interpreter\linkResolver.cpp, line 759]
Event: 0.201 Thread 0x000002ca6bcad110 Exception <a 'java/lang/NoSuchMethodError'{0x00000000a7d10b78}: 'java.lang.Object java.lang.invoke.DirectMethodHandle$Holder.invokeInterface(java.lang.Object, java.lang.Object)'> (0x00000000a7d10b78) 
thrown [s\src\hotspot\share\interpreter\linkResolver.cpp, line 759]
Event: 0.367 Thread 0x000002ca6bcad110 Exception <a 'java/lang/NoSuchMethodError'{0x00000000a7ad92c0}: 'void java.lang.invoke.DirectMethodHandle$Holder.invokeStatic(java.lang.Object, java.lang.Object, java.lang.Object)'> (0x00000000a7ad92c0) 
thrown [s\src\hotspot\share\interpreter\linkResolver.cpp, line 759]
Event: 0.379 Thread 0x000002ca6bcad110 Exception <a 'java/lang/NoSuchMethodError'{0x00000000a794e9e8}: 'java.lang.Object java.lang.invoke.DirectMethodHandle$Holder.invokeVirtual(java.lang.Object, java.lang.Object, java.lang.Object)'> (0x00000000a794e9e8) 
thrown [s\src\hotspot\share\interpreter\linkResolver.cpp, line 759]
Event: 0.392 Thread 0x000002ca6bcad110 Exception <a 'java/lang/NoSuchMethodError'{0x00000000a79c9b20}: 'java.lang.Object java.lang.invoke.DirectMethodHandle$Holder.invokeStaticInit(java.lang.Object, java.lang.Object, java.lang.Object)'> (0x00000000a79c9b20) 
thrown [s\src\hotspot\share\interpreter\linkResolver.cpp, line 759]
Event: 0.393 Thread 0x000002ca6bcad110 Exception <a 'java/lang/NoSuchMethodError'{0x00000000a79d10d8}: 'void java.lang.invoke.DirectMethodHandle$Holder.invokeStaticInit(java.lang.Object, java.lang.Object, java.lang.Object)'> (0x00000000a79d10d8) 
thrown [s\src\hotspot\share\interpreter\linkResolver.cpp, line 759]
Event: 0.411 Thread 0x000002ca6bcad110 Exception <a 'java/lang/NoSuchMethodError'{0x00000000a7850dd0}: 'int java.lang.invoke.DirectMethodHandle$Holder.invokeVirtual(java.lang.Object, java.lang.Object)'> (0x00000000a7850dd0) 
thrown [s\src\hotspot\share\interpreter\linkResolver.cpp, line 759]
Event: 0.423 Thread 0x000002ca6bcad110 Exception <a 'java/lang/NoSuchMethodError'{0x00000000a78c5c38}: 'int java.lang.invoke.DirectMethodHandle$Holder.invokeSpecialIFC(java.lang.Object, java.lang.Object, java.lang.Object, java.lang.Object)'> (0x00000000a78c5c38) 
thrown [s\src\hotspot\share\interpreter\linkResolver.cpp, line 759]
Event: 0.427 Thread 0x000002ca6bcad110 Exception <a 'java/lang/NoSuchMethodError'{0x00000000a78edaa0}: 'int java.lang.invoke.DirectMethodHandle$Holder.invokeSpecial(java.lang.Object, java.lang.Object, java.lang.Object)'> (0x00000000a78edaa0) 
thrown [s\src\hotspot\share\interpreter\linkResolver.cpp, line 759]
Event: 0.436 Thread 0x000002ca6bcad110 Exception <a 'java/lang/NoSuchMethodError'{0x00000000a7750180}: 'void java.lang.invoke.DirectMethodHandle$Holder.invokeInterface(java.lang.Object, java.lang.Object)'> (0x00000000a7750180) 
thrown [s\src\hotspot\share\interpreter\linkResolver.cpp, line 759]
Event: 0.437 Thread 0x000002ca6bcad110 Exception <a 'java/lang/IncompatibleClassChangeError'{0x00000000a7753710}: Found class java.lang.Object, but interface was expected> (0x00000000a7753710) 
thrown [s\src\hotspot\share\interpreter\linkResolver.cpp, line 826]

VM Operations (8 events):
Event: 0.093 Executing VM operation: HandshakeAllThreads
Event: 0.093 Executing VM operation: HandshakeAllThreads done
Event: 0.155 Executing VM operation: HandshakeAllThreads
Event: 0.156 Executing VM operation: HandshakeAllThreads done
Event: 0.358 Executing VM operation: HandshakeAllThreads
Event: 0.358 Executing VM operation: HandshakeAllThreads done
Event: 0.395 Executing VM operation: HandshakeAllThreads
Event: 0.395 Executing VM operation: HandshakeAllThreads done

Events (20 events):
Event: 0.450 loading class java/lang/reflect/GenericArrayType done
Event: 0.450 loading class sun/reflect/annotation/AnnotationType
Event: 0.450 loading class sun/reflect/annotation/AnnotationType done
Event: 0.450 loading class sun/reflect/annotation/AnnotationType$1
Event: 0.450 loading class sun/reflect/annotation/AnnotationType$1 done
Event: 0.450 loading class java/lang/annotation/ElementType
Event: 0.450 loading class java/lang/annotation/ElementType done
Event: 0.450 loading class java/lang/annotation/Retention
Event: 0.450 loading class java/lang/annotation/Retention done
Event: 0.450 loading class java/lang/annotation/Documented
Event: 0.450 loading class java/lang/annotation/Documented done
Event: 0.450 loading class java/lang/annotation/RetentionPolicy
Event: 0.450 loading class java/lang/annotation/RetentionPolicy done
Event: 0.451 loading class sun/reflect/annotation/AnnotationTypeMismatchExceptionProxy
Event: 0.451 loading class sun/reflect/annotation/ExceptionProxy
Event: 0.451 loading class sun/reflect/annotation/ExceptionProxy done
Event: 0.451 loading class sun/reflect/annotation/AnnotationTypeMismatchExceptionProxy done
Event: 0.451 loading class sun/reflect/annotation/AnnotationParser$1
Event: 0.451 loading class sun/reflect/annotation/AnnotationParser$1 done
Event: 0.451 loading class sun/reflect/annotation/AnnotationInvocationHandler


Dynamic libraries:
0x00007ff74b1a0000 - 0x00007ff74b1ae000 	C:\Program Files\Java\zulu-jdk17.0.5\bin\java.exe
0x00007ffc88800000 - 0x00007ffc88a09000 	C:\Windows\SYSTEM32\ntdll.dll
0x00007ffc876a0000 - 0x00007ffc8775e000 	C:\Windows\System32\KERNEL32.DLL
0x00007ffc85f10000 - 0x00007ffc8628b000 	C:\Windows\System32\KERNELBASE.dll
0x00007ffc86290000 - 0x00007ffc863a1000 	C:\Windows\System32\ucrtbase.dll
0x00007ffc74050000 - 0x00007ffc74067000 	C:\Program Files\Java\zulu-jdk17.0.5\bin\jli.dll
0x00007ffc74cb0000 - 0x00007ffc74ccb000 	C:\Program Files\Java\zulu-jdk17.0.5\bin\VCRUNTIME140.dll
0x00007ffc88110000 - 0x00007ffc882bd000 	C:\Windows\System32\USER32.dll
0x00007ffc85d70000 - 0x00007ffc85d96000 	C:\Windows\System32\win32u.dll
0x00007ffc739a0000 - 0x00007ffc73c45000 	C:\Windows\WinSxS\amd64_microsoft.windows.common-controls_6595b64144ccf1df_6.0.22000.120_none_9d947278b86cc467\COMCTL32.dll
0x00007ffc86d10000 - 0x00007ffc86d39000 	C:\Windows\System32\GDI32.dll
0x00007ffc86c50000 - 0x00007ffc86cf3000 	C:\Windows\System32\msvcrt.dll
0x00007ffc864f0000 - 0x00007ffc86608000 	C:\Windows\System32\gdi32full.dll
0x00007ffc85cd0000 - 0x00007ffc85d6d000 	C:\Windows\System32\msvcp_win.dll
0x00007ffc87ab0000 - 0x00007ffc87ae2000 	C:\Windows\System32\IMM32.DLL
0x00007ffc78520000 - 0x00007ffc7852c000 	C:\Program Files\Java\zulu-jdk17.0.5\bin\vcruntime140_1.dll
0x00007ffc4d1c0000 - 0x00007ffc4d24d000 	C:\Program Files\Java\zulu-jdk17.0.5\bin\msvcp140.dll
0x00007ffbfeb90000 - 0x00007ffbff7f2000 	C:\Program Files\Java\zulu-jdk17.0.5\bin\server\jvm.dll
0x00007ffc86ba0000 - 0x00007ffc86c4e000 	C:\Windows\System32\ADVAPI32.dll
0x00007ffc878b0000 - 0x00007ffc8794e000 	C:\Windows\System32\sechost.dll
0x00007ffc87b00000 - 0x00007ffc87c20000 	C:\Windows\System32\RPCRT4.dll
0x00007ffc60f90000 - 0x00007ffc60f99000 	C:\Windows\SYSTEM32\WSOCK32.dll
0x00007ffc7fcd0000 - 0x00007ffc7fd03000 	C:\Windows\SYSTEM32\WINMM.dll
0x00007ffc7e260000 - 0x00007ffc7e26a000 	C:\Windows\SYSTEM32\VERSION.dll
0x00007ffc87c20000 - 0x00007ffc87c8f000 	C:\Windows\System32\WS2_32.dll
0x00007ffc84d50000 - 0x00007ffc84d68000 	C:\Windows\SYSTEM32\kernel.appcore.dll
0x00007ffc76f70000 - 0x00007ffc76f7a000 	C:\Program Files\Java\zulu-jdk17.0.5\bin\jimage.dll
0x00007ffc838a0000 - 0x00007ffc83ac1000 	C:\Windows\SYSTEM32\DBGHELP.DLL
0x00007ffc71820000 - 0x00007ffc71851000 	C:\Windows\SYSTEM32\dbgcore.DLL
0x00007ffc863b0000 - 0x00007ffc8642f000 	C:\Windows\System32\bcryptPrimitives.dll
0x00007ffc82c10000 - 0x00007ffc82c1e000 	C:\Program Files\Java\zulu-jdk17.0.5\bin\instrument.dll
0x00007ffc6f6f0000 - 0x00007ffc6f715000 	C:\Program Files\Java\zulu-jdk17.0.5\bin\java.dll
0x00007ffc297a0000 - 0x00007ffc29877000 	C:\Program Files\Java\zulu-jdk17.0.5\bin\jsvml.dll
0x00007ffc86e60000 - 0x00007ffc87617000 	C:\Windows\System32\SHELL32.dll
0x00007ffc83dc0000 - 0x00007ffc84625000 	C:\Windows\SYSTEM32\windows.storage.dll
0x00007ffc86820000 - 0x00007ffc86b98000 	C:\Windows\System32\combase.dll
0x00007ffc83c50000 - 0x00007ffc83db6000 	C:\Windows\SYSTEM32\wintypes.dll
0x00007ffc86d40000 - 0x00007ffc86e2a000 	C:\Windows\System32\SHCORE.dll
0x00007ffc87760000 - 0x00007ffc877bd000 	C:\Windows\System32\shlwapi.dll
0x00007ffc85c00000 - 0x00007ffc85c21000 	C:\Windows\SYSTEM32\profapi.dll
0x00007ffc69c50000 - 0x00007ffc69c68000 	C:\Program Files\Java\zulu-jdk17.0.5\bin\zip.dll
0x00007ffc6de30000 - 0x00007ffc6de49000 	C:\Program Files\Java\zulu-jdk17.0.5\bin\net.dll
0x00007ffc7fbb0000 - 0x00007ffc7fcc4000 	C:\Windows\SYSTEM32\WINHTTP.dll
0x00007ffc851f0000 - 0x00007ffc85257000 	C:\Windows\system32\mswsock.dll
0x00007ffc6c450000 - 0x00007ffc6c466000 	C:\Program Files\Java\zulu-jdk17.0.5\bin\nio.dll
0x00007ffc6c6b0000 - 0x00007ffc6c6ca000 	C:\Program Files\JetBrains\IntelliJ IDEA Community Edition 2022.3.1\bin\breakgen64.dll

dbghelp: loaded successfully - version: 4.0.5 - missing functions: none
symbol engine: initialized successfully - sym options: 0x614 - pdb path: .;C:\Program Files\Java\zulu-jdk17.0.5\bin;C:\Windows\SYSTEM32;C:\Windows\WinSxS\amd64_microsoft.windows.common-controls_6595b64144ccf1df_6.0.22000.120_none_9d947278b86cc467;C:\Program Files\Java\zulu-jdk17.0.5\bin\server;C:\Program Files\JetBrains\IntelliJ IDEA Community Edition 2022.3.1\bin

VM Arguments:
jvm_args: -ea -Didea.test.cyclic.buffer.size=1048576 -javaagent:C:\Program Files\JetBrains\IntelliJ IDEA Community Edition 2022.3.1\lib\idea_rt.jar=52108:C:\Program Files\JetBrains\IntelliJ IDEA Community Edition 2022.3.1\bin -Dfile.encoding=UTF-8 
java_command: com.intellij.rt.junit.JUnitStarter -ideVersion5 -junit5 modulos.CartTest,addAProductInCart
java_class_path (initial): C:\Users\mathe\.m2\repository\org\junit\platform\junit-platform-launcher\1.9.1\junit-platform-launcher-1.9.1.jar;C:\Users\mathe\.m2\repository\org\junit\platform\junit-platform-engine\1.9.1\junit-platform-engine-1.9.1.jar;C:\Users\mathe\.m2\repository\org\junit\jupiter\junit-jupiter-engine\5.9.1\junit-jupiter-engine-5.9.1.jar;C:\Program Files\JetBrains\IntelliJ IDEA Community Edition 2022.3.1\lib\idea_rt.jar;C:\Program Files\JetBrains\IntelliJ IDEA Community Edition 2022.3.1\plugins\junit\lib\junit5-rt.jar;C:\Program Files\JetBrains\IntelliJ IDEA Community Edition 2022.3.1\plugins\junit\lib\junit-rt.jar;C:\Users\mathe\Desktop\estudos\met-tec-pes\seleniumArticle\target\test-classes;C:\Users\mathe\Desktop\estudos\met-tec-pes\seleniumArticle\target\classes;C:\Users\mathe\.m2\repository\org\junit\jupiter\junit-jupiter-api\5.9.1\junit-jupiter-api-5.9.1.jar;C:\Users\mathe\.m2\repository\org\opentest4j\opentest4j\1.2.0\opentest4j-1.2.0.jar;C:\Users\mathe\.m2\repository\org\junit\platform\junit-platform-commons\1.9.1\junit-platform-commons-1.9.1.jar;C:\Users\mathe\.m2\repository\org\apiguardian\apiguardian-api\1.1.2\apiguardian-api-1.1.2.jar;C:\Users\mathe\.m2\repository\org\seleniumhq\selenium\selenium-java\4.7.2\selenium-java-4.7.2.jar;C:\Users\mathe\.m2\repository\org\seleniumhq\selenium\selenium-api\4.7.2\selenium-api-4.7.2.jar;C:\Users\mathe\.m2\repository\org\seleniumhq\selenium\selenium-chrome-driver\4.7.2\selenium-chrome-driver-4.7.2.jar;C:\Users\mathe\.m2\repository\com\google\auto\service\auto-service-annotations\1.0.1\auto-service-annotations-1.0.1.jar;C:\Users\mathe\.m2\repository\com\google\auto\service\auto-service\1.0.1\auto-service-1.0.1.jar;C:\Users\mathe\.m2\repository\com\google\auto\auto-common\1.2\auto-common-1.2.jar;C:\Users\mathe\.m2\repository\com\google\guava\guava\31.1-jre\guava-31.1-jre.jar;C:\Users\mathe\.m2\repository\com\google\guava\failureaccess\1.0.1\failureaccess-1.0.1.jar;C:\Users\mathe\.m2\repository\com\googl
Launcher Type: SUN_STANDARD

[Global flags]
     intx CICompilerCount                          = 12                                        {product} {ergonomic}
     uint ConcGCThreads                            = 3                                         {product} {ergonomic}
     uint G1ConcRefinementThreads                  = 13                                        {product} {ergonomic}
   size_t G1HeapRegionSize                         = 1048576                                   {product} {ergonomic}
    uintx GCDrainStackTargetSize                   = 64                                        {product} {ergonomic}
   size_t InitialHeapSize                          = 98566144                                  {product} {ergonomic}
   size_t MarkStackSize                            = 4194304                                   {product} {ergonomic}
   size_t MaxHeapSize                              = 1572864000                                {product} {ergonomic}
   size_t MaxNewSize                               = 943718400                                 {product} {ergonomic}
   size_t MinHeapDeltaBytes                        = 1048576                                   {product} {ergonomic}
   size_t MinHeapSize                              = 8388608                                   {product} {ergonomic}
    uintx NonNMethodCodeHeapSize                   = 7602480                                {pd product} {ergonomic}
    uintx NonProfiledCodeHeapSize                  = 122027880                              {pd product} {ergonomic}
    uintx ProfiledCodeHeapSize                     = 122027880                              {pd product} {ergonomic}
    uintx ReservedCodeCacheSize                    = 251658240                              {pd product} {ergonomic}
     bool SegmentedCodeCache                       = true                                      {product} {ergonomic}
   size_t SoftMaxHeapSize                          = 1572864000                             {manageable} {ergonomic}
     bool UseCompressedClassPointers               = true                           {product lp64_product} {ergonomic}
     bool UseCompressedOops                        = true                           {product lp64_product} {ergonomic}
     bool UseG1GC                                  = true                                      {product} {ergonomic}
     bool UseLargePagesIndividualAllocation        = false                                  {pd product} {ergonomic}

Logging:
Log output configuration:
 #0: stdout all=warning uptime,level,tags
 #1: stderr all=off uptime,level,tags

Environment Variables:
JAVA_HOME=C:\Program Files\Java\zulu-jdk17.0.5
PATH=C:\Program Files\Java\zulu-jdk17.0.5\bin\;C:\Python311\Scripts\;C:\Python311\;C:\Windows\system32;C:\Windows;C:\Windows\System32\Wbem;C:\Windows\System32\WindowsPowerShell\v1.0\;C:\Windows\System32\OpenSSH\;C:\Program Files (x86)\NVIDIA Corporation\PhysX\Common;C:\Program Files\NVIDIA Corporation\NVIDIA NvDLISR;C:\Program Files\nodejs\;C:\ProgramData\chocolatey\bin;C:\Program Files\Git\cmd;C:\Program Files\Java\apache-maven-3.8.6\bin;C:\Users\mathe\AppData\Local\Microsoft\WindowsApps;;C:\Users\mathe\AppData\Local\Programs\Microsoft VS Code\bin;C:\Users\mathe\AppData\Roaming\npm;C:\Users\mathe\.fly\bin
USERNAME=mathe
OS=Windows_NT
PROCESSOR_IDENTIFIER=AMD64 Family 25 Model 80 Stepping 0, AuthenticAMD
TMP=C:\Users\mathe\AppData\Local\Temp
TEMP=C:\Users\mathe\AppData\Local\Temp



---------------  S Y S T E M  ---------------

OS:
 Windows 11 , 64 bit Build 22000 (10.0.22000.1335)
OS uptime: 9 days 0:38 hours

CPU: total 16 (initial active 16) (16 cores per cpu, 2 threads per core) family 25 model 80 stepping 0 microcode 0x0, cx8, cmov, fxsr, ht, mmx, 3dnowpref, sse, sse2, sse3, ssse3, sse4a, sse4.1, sse4.2, popcnt, lzcnt, tsc, tscinvbit, avx, avx2, aes, erms, clmul, bmi1, bmi2, adx, sha, fma, vzeroupper, clflush, clflushopt

Memory: 4k page, system-wide physical 5996M (137M free)
TotalPageFile size 24428M (AvailPageFile size 0M)
current process WorkingSet (physical memory assigned to process): 48M, peak: 48M
current process commit charge ("private bytes"): 192M, peak: 192M

vm_info: OpenJDK 64-Bit Server VM (17.0.5+8-LTS) for windows-amd64 JRE (17.0.5+8-LTS) (Zulu17.38+21-CA), built on Oct  7 2022 12:56:14 by "zulu_re" with MS VC++ 16.10 / 16.11 (VS2019)

END.
